2021-12-09 03:06:02 T[] P[]  ERROR - /home/firebase_server/conf/configTimeRemoveCache.json (No such file or directory)
java.io.FileNotFoundException: /home/firebase_server/conf/configTimeRemoveCache.json (No such file or directory)
	at java.io.FileInputStream.open0(Native Method)
	at java.io.FileInputStream.open(FileInputStream.java:195)
	at java.io.FileInputStream.<init>(FileInputStream.java:138)
	at java.io.FileInputStream.<init>(FileInputStream.java:93)
	at com.athena.services.lottery.LotteryExecutor.LoadConfig(LotteryExecutor.java:72)
	at com.athena.services.lottery.LotteryExecutor.<init>(LotteryExecutor.java:52)
	at com.athena.services.impl.ServiceImpl.init(ServiceImpl.java:514)
	at com.athena.services.impl.ServiceImpl.init(ServiceImpl.java:1)
	at com.cubeia.firebase.server.service.DefaultServiceRegistry$Handle.initService(DefaultServiceRegistry.java:884)
	at com.cubeia.firebase.server.service.DefaultServiceRegistry$Handle.init(DefaultServiceRegistry.java:822)
	at com.cubeia.firebase.server.service.DefaultServiceRegistry.initSelectedServices(DefaultServiceRegistry.java:704)
	at com.cubeia.firebase.server.service.DefaultServiceRegistry.initIsolatedServices(DefaultServiceRegistry.java:686)
	at com.cubeia.firebase.server.service.DefaultServiceRegistry.initServices(DefaultServiceRegistry.java:678)
	at com.cubeia.firebase.server.service.DefaultServiceRegistry.doInit(DefaultServiceRegistry.java:479)
	at com.cubeia.firebase.server.service.DefaultServiceRegistry.init(DefaultServiceRegistry.java:122)
	at com.cubeia.firebase.server.instance.ServerInstance.initAndStartRegistry(ServerInstance.java:738)
	at com.cubeia.firebase.server.instance.ServerInstance.initServices(ServerInstance.java:671)
	at com.cubeia.firebase.server.instance.ServerInstance.init(ServerInstance.java:256)
	at sun.reflect.NativeMethodAccessorImpl.invoke0(Native Method)
	at sun.reflect.NativeMethodAccessorImpl.invoke(NativeMethodAccessorImpl.java:62)
	at sun.reflect.DelegatingMethodAccessorImpl.invoke(DelegatingMethodAccessorImpl.java:43)
	at java.lang.reflect.Method.invoke(Method.java:498)
	at com.game.server.bootstrap.Server.initServer(Server.java:493)
	at com.game.server.bootstrap.Server.start(Server.java:166)
	at com.game.server.bootstrap.Server.init(Server.java:148)
	at com.game.server.bootstrap.Server.main(Server.java:102)
2021-12-09 03:06:02 T[] P[]  INFO  - resetCache
2021-12-09 03:06:02 T[] P[]  INFO  - reset cache when reset server
2021-12-09 04:53:29 T[] P[]  ERROR - /home/firebase_server/conf/configTimeRemoveCache.json (No such file or directory)
java.io.FileNotFoundException: /home/firebase_server/conf/configTimeRemoveCache.json (No such file or directory)
	at java.io.FileInputStream.open0(Native Method)
	at java.io.FileInputStream.open(FileInputStream.java:195)
	at java.io.FileInputStream.<init>(FileInputStream.java:138)
	at java.io.FileInputStream.<init>(FileInputStream.java:93)
	at com.athena.services.lottery.LotteryExecutor.LoadConfig(LotteryExecutor.java:72)
	at com.athena.services.lottery.LotteryExecutor.<init>(LotteryExecutor.java:52)
	at com.athena.services.impl.ServiceImpl.init(ServiceImpl.java:514)
	at com.athena.services.impl.ServiceImpl.init(ServiceImpl.java:1)
	at com.cubeia.firebase.server.service.DefaultServiceRegistry$Handle.initService(DefaultServiceRegistry.java:884)
	at com.cubeia.firebase.server.service.DefaultServiceRegistry$Handle.init(DefaultServiceRegistry.java:822)
	at com.cubeia.firebase.server.service.DefaultServiceRegistry.initSelectedServices(DefaultServiceRegistry.java:704)
	at com.cubeia.firebase.server.service.DefaultServiceRegistry.initIsolatedServices(DefaultServiceRegistry.java:686)
	at com.cubeia.firebase.server.service.DefaultServiceRegistry.initServices(DefaultServiceRegistry.java:678)
	at com.cubeia.firebase.server.service.DefaultServiceRegistry.doInit(DefaultServiceRegistry.java:479)
	at com.cubeia.firebase.server.service.DefaultServiceRegistry.init(DefaultServiceRegistry.java:122)
	at com.cubeia.firebase.server.instance.ServerInstance.initAndStartRegistry(ServerInstance.java:738)
	at com.cubeia.firebase.server.instance.ServerInstance.initServices(ServerInstance.java:671)
	at com.cubeia.firebase.server.instance.ServerInstance.init(ServerInstance.java:256)
	at sun.reflect.NativeMethodAccessorImpl.invoke0(Native Method)
	at sun.reflect.NativeMethodAccessorImpl.invoke(NativeMethodAccessorImpl.java:62)
	at sun.reflect.DelegatingMethodAccessorImpl.invoke(DelegatingMethodAccessorImpl.java:43)
	at java.lang.reflect.Method.invoke(Method.java:498)
	at com.game.server.bootstrap.Server.initServer(Server.java:493)
	at com.game.server.bootstrap.Server.start(Server.java:166)
	at com.game.server.bootstrap.Server.init(Server.java:148)
	at com.game.server.bootstrap.Server.main(Server.java:102)
2021-12-09 04:53:29 T[] P[]  INFO  - resetCache
2021-12-09 04:53:29 T[] P[]  INFO  - reset cache when reset server
2021-12-09 04:59:26 T[] P[]  ERROR - /home/firebase_server/conf/configTimeRemoveCache.json (No such file or directory)
java.io.FileNotFoundException: /home/firebase_server/conf/configTimeRemoveCache.json (No such file or directory)
	at java.io.FileInputStream.open0(Native Method)
	at java.io.FileInputStream.open(FileInputStream.java:195)
	at java.io.FileInputStream.<init>(FileInputStream.java:138)
	at java.io.FileInputStream.<init>(FileInputStream.java:93)
	at com.athena.services.lottery.LotteryExecutor.LoadConfig(LotteryExecutor.java:72)
	at com.athena.services.lottery.LotteryExecutor.<init>(LotteryExecutor.java:52)
	at com.athena.services.impl.ServiceImpl.init(ServiceImpl.java:514)
	at com.athena.services.impl.ServiceImpl.init(ServiceImpl.java:1)
	at com.cubeia.firebase.server.service.DefaultServiceRegistry$Handle.initService(DefaultServiceRegistry.java:884)
	at com.cubeia.firebase.server.service.DefaultServiceRegistry$Handle.init(DefaultServiceRegistry.java:822)
	at com.cubeia.firebase.server.service.DefaultServiceRegistry.initSelectedServices(DefaultServiceRegistry.java:704)
	at com.cubeia.firebase.server.service.DefaultServiceRegistry.initIsolatedServices(DefaultServiceRegistry.java:686)
	at com.cubeia.firebase.server.service.DefaultServiceRegistry.initServices(DefaultServiceRegistry.java:678)
	at com.cubeia.firebase.server.service.DefaultServiceRegistry.doInit(DefaultServiceRegistry.java:479)
	at com.cubeia.firebase.server.service.DefaultServiceRegistry.init(DefaultServiceRegistry.java:122)
	at com.cubeia.firebase.server.instance.ServerInstance.initAndStartRegistry(ServerInstance.java:738)
	at com.cubeia.firebase.server.instance.ServerInstance.initServices(ServerInstance.java:671)
	at com.cubeia.firebase.server.instance.ServerInstance.init(ServerInstance.java:256)
	at sun.reflect.NativeMethodAccessorImpl.invoke0(Native Method)
	at sun.reflect.NativeMethodAccessorImpl.invoke(NativeMethodAccessorImpl.java:62)
	at sun.reflect.DelegatingMethodAccessorImpl.invoke(DelegatingMethodAccessorImpl.java:43)
	at java.lang.reflect.Method.invoke(Method.java:498)
	at com.game.server.bootstrap.Server.initServer(Server.java:493)
	at com.game.server.bootstrap.Server.start(Server.java:166)
	at com.game.server.bootstrap.Server.init(Server.java:148)
	at com.game.server.bootstrap.Server.main(Server.java:102)
2021-12-09 04:59:26 T[] P[]  INFO  - resetCache
2021-12-09 04:59:26 T[] P[]  INFO  - reset cache when reset server
